<?xml version="1.0" encoding="UTF-8"?>
<!-- Generated by org.testng.reporters.JUnitReportReporter -->
<testsuite skipped="0" hostname="LAPTOP-B6AQQ5SB" name="com.xiaoxin.gdata.data.test.qa.rider.redirSetPageTest" tests="3" failures="0" timestamp="2019-12-24T13:22:59 GMT+08:00" time="3.520" errors="0">
  <testcase name="queryHistroyOrder" time="0.498" classname="com.xiaoxin.gdata.data.test.qa.rider.redirSetPageTest"/>
  <testcase name="getBills" time="2.581" classname="com.xiaoxin.gdata.data.test.qa.rider.redirSetPageTest"/>
  <testcase name="getSch" time="0.441" classname="com.xiaoxin.gdata.data.test.qa.rider.redirSetPageTest"/>
</testsuite> <!-- com.xiaoxin.gdata.data.test.qa.rider.redirSetPageTest -->
