<?xml version="1.0" encoding="UTF-8"?>
<!-- Generated by org.testng.reporters.JUnitReportReporter -->
<testsuite skipped="0" hostname="LAPTOP-B6AQQ5SB" name="com.xiaoxin.gdata.data.test.qa.rider.riderStakeFormPageTest" tests="10" failures="0" timestamp="2019-12-24T13:22:59 GMT+08:00" time="6.555" errors="0">
  <testcase name="queryGrabList" time="0.610" classname="com.xiaoxin.gdata.data.test.qa.rider.riderStakeFormPageTest"/>
  <testcase name="initRiderCode" time="0.785" classname="com.xiaoxin.gdata.data.test.qa.rider.riderStakeFormPageTest"/>
  <testcase name="sysMobile" time="0.463" classname="com.xiaoxin.gdata.data.test.qa.rider.riderStakeFormPageTest"/>
  <testcase name="getImpatInfo" time="0.458" classname="com.xiaoxin.gdata.data.test.qa.rider.riderStakeFormPageTest"/>
  <testcase name="updateRiderStatus" time="0.464" classname="com.xiaoxin.gdata.data.test.qa.rider.riderStakeFormPageTest"/>
  <testcase name="queryWaitOrder" time="1.180" classname="com.xiaoxin.gdata.data.test.qa.rider.riderStakeFormPageTest"/>
  <testcase name="getSumMoney" time="0.450" classname="com.xiaoxin.gdata.data.test.qa.rider.riderStakeFormPageTest"/>
  <testcase name="checkNewOrder" time="0.762" classname="com.xiaoxin.gdata.data.test.qa.rider.riderStakeFormPageTest"/>
  <testcase name="insertLocation" time="0.953" classname="com.xiaoxin.gdata.data.test.qa.rider.riderStakeFormPageTest"/>
  <testcase name="queryPszOrder" time="0.430" classname="com.xiaoxin.gdata.data.test.qa.rider.riderStakeFormPageTest"/>
</testsuite> <!-- com.xiaoxin.gdata.data.test.qa.rider.riderStakeFormPageTest -->
