<?xml version="1.0" encoding="UTF-8"?>
<!-- Generated by org.testng.reporters.JUnitReportReporter -->
<testsuite skipped="0" hostname="LAPTOP-B6AQQ5SB" name="com.xiaoxin.gdata.data.test.qa.rider.redirSetPageTest" tests="3" failures="0" timestamp="2019-12-14T15:10:31 GMT+08:00" time="2.419" errors="0">
  <testcase name="getSch" time="0.445" classname="com.xiaoxin.gdata.data.test.qa.rider.redirSetPageTest"/>
  <testcase name="getBills" time="1.514" classname="com.xiaoxin.gdata.data.test.qa.rider.redirSetPageTest"/>
  <testcase name="queryHistroyOrder" time="0.460" classname="com.xiaoxin.gdata.data.test.qa.rider.redirSetPageTest"/>
</testsuite> <!-- com.xiaoxin.gdata.data.test.rider.redirSetPageTest -->
