<?xml version="1.0" encoding="UTF-8"?>
<!-- Generated by org.testng.reporters.JUnitReportReporter -->
<testsuite skipped="0" hostname="LAPTOP-B6AQQ5SB" name="com.xiaoxin.gdata.data.test.qa.rider.redirSetPageTest" tests="3" failures="0" timestamp="2019-12-28T14:12:04 GMT+08:00" time="2.735" errors="0">
  <testcase name="queryHistroyOrder" time="1.197" classname="com.xiaoxin.gdata.data.test.qa.rider.redirSetPageTest"/>
  <testcase name="getBills" time="1.065" classname="com.xiaoxin.gdata.data.test.qa.rider.redirSetPageTest"/>
  <testcase name="getSch" time="0.473" classname="com.xiaoxin.gdata.data.test.qa.rider.redirSetPageTest"/>
</testsuite> <!-- com.xiaoxin.gdata.data.test.qa.rider.redirSetPageTest -->
