<?xml version="1.0" encoding="UTF-8"?>
<!-- Generated by org.testng.reporters.JUnitReportReporter -->
<testsuite skipped="0" hostname="LAPTOP-B6AQQ5SB" name="com.xiaoxin.gdata.data.test.qa.rider.riderStakeFormPageTest" tests="10" failures="0" timestamp="2019-12-28T14:12:04 GMT+08:00" time="6.196" errors="0">
  <testcase name="queryGrabList" time="0.470" classname="com.xiaoxin.gdata.data.test.qa.rider.riderStakeFormPageTest"/>
  <testcase name="checkNewOrder" time="1.374" classname="com.xiaoxin.gdata.data.test.qa.rider.riderStakeFormPageTest"/>
  <testcase name="getSumMoney" time="0.488" classname="com.xiaoxin.gdata.data.test.qa.rider.riderStakeFormPageTest"/>
  <testcase name="initRiderCode" time="0.685" classname="com.xiaoxin.gdata.data.test.qa.rider.riderStakeFormPageTest"/>
  <testcase name="updateRiderStatus" time="0.487" classname="com.xiaoxin.gdata.data.test.qa.rider.riderStakeFormPageTest"/>
  <testcase name="sysMobile" time="0.514" classname="com.xiaoxin.gdata.data.test.qa.rider.riderStakeFormPageTest"/>
  <testcase name="queryPszOrder" time="0.698" classname="com.xiaoxin.gdata.data.test.qa.rider.riderStakeFormPageTest"/>
  <testcase name="getImpatInfo" time="0.538" classname="com.xiaoxin.gdata.data.test.qa.rider.riderStakeFormPageTest"/>
  <testcase name="insertLocation" time="0.476" classname="com.xiaoxin.gdata.data.test.qa.rider.riderStakeFormPageTest"/>
  <testcase name="queryWaitOrder" time="0.466" classname="com.xiaoxin.gdata.data.test.qa.rider.riderStakeFormPageTest"/>
</testsuite> <!-- com.xiaoxin.gdata.data.test.qa.rider.riderStakeFormPageTest -->
