<?xml version="1.0" encoding="UTF-8"?>
<!-- Generated by org.testng.reporters.JUnitReportReporter -->
<testsuite skipped="0" hostname="LAPTOP-B6AQQ5SB" name="com.xiaoxin.gdata.data.test.qa.rider.riderStakeFormPageTest" tests="10" failures="0" timestamp="2019-12-14T15:10:31 GMT+08:00" time="5.151" errors="0">
  <testcase name="getSumMoney" time="0.454" classname="com.xiaoxin.gdata.data.test.qa.rider.riderStakeFormPageTest"/>
  <testcase name="initRiderCode" time="0.372" classname="com.xiaoxin.gdata.data.test.qa.rider.riderStakeFormPageTest"/>
  <testcase name="insertLocation" time="0.490" classname="com.xiaoxin.gdata.data.test.qa.rider.riderStakeFormPageTest"/>
  <testcase name="updateRiderStatus" time="0.374" classname="com.xiaoxin.gdata.data.test.qa.rider.riderStakeFormPageTest"/>
  <testcase name="queryPszOrder" time="0.718" classname="com.xiaoxin.gdata.data.test.qa.rider.riderStakeFormPageTest"/>
  <testcase name="sysMobile" time="0.508" classname="com.xiaoxin.gdata.data.test.qa.rider.riderStakeFormPageTest"/>
  <testcase name="queryWaitOrder" time="0.417" classname="com.xiaoxin.gdata.data.test.qa.rider.riderStakeFormPageTest"/>
  <testcase name="checkNewOrder" time="0.812" classname="com.xiaoxin.gdata.data.test.qa.rider.riderStakeFormPageTest"/>
  <testcase name="queryGrabList" time="0.544" classname="com.xiaoxin.gdata.data.test.qa.rider.riderStakeFormPageTest"/>
  <testcase name="getImpatInfo" time="0.462" classname="com.xiaoxin.gdata.data.test.qa.rider.riderStakeFormPageTest"/>
</testsuite> <!-- com.xiaoxin.gdata.data.test.rider.riderStakeFormPageTest -->
